2015-03-26 21:37:08 Error: [MissingActionException] Action HomeController::display() could not be found.
Exception Attributes: array (
  'controller' => 'HomeController',
  'action' => 'display',
)
Request URL: /itsalon/
Stack Trace:
#0 /vagrant/itsalon/lib/Cake/Routing/Dispatcher.php(193): Controller->invokeAction(Object(CakeRequest))
#1 /vagrant/itsalon/lib/Cake/Routing/Dispatcher.php(167): Dispatcher->_invoke(Object(HomeController), Object(CakeRequest))
#2 /vagrant/itsalon/app/webroot/index.php(118): Dispatcher->dispatch(Object(CakeRequest), Object(CakeResponse))
#3 {main}
2015-03-26 21:52:26 Error: [MissingControllerException] Controller class JsController could not be found.
Exception Attributes: array (
  'class' => 'JsController',
  'plugin' => NULL,
)
Request URL: /itsalon/js/js/common.js
Stack Trace:
#0 /vagrant/itsalon/app/webroot/index.php(118): Dispatcher->dispatch(Object(CakeRequest), Object(CakeResponse))
#1 {main}
2015-03-26 21:52:40 Error: [MissingControllerException] Controller class JsController could not be found.
Exception Attributes: array (
  'class' => 'JsController',
  'plugin' => NULL,
)
Request URL: /itsalon/js/common.js
Stack Trace:
#0 /vagrant/itsalon/app/webroot/index.php(118): Dispatcher->dispatch(Object(CakeRequest), Object(CakeResponse))
#1 {main}
2015-03-26 22:09:33 Error: Fatal Error (1): Call to a member function find() on a non-object in [/vagrant/itsalon/app/Controller/HomeController.php, line 8]
2015-03-26 22:09:33 Error: [FatalErrorException] Call to a member function find() on a non-object
Request URL: /itsalon/
Stack Trace:
#0 /vagrant/itsalon/lib/Cake/Error/ErrorHandler.php(213): ErrorHandler::handleFatalError(1, 'Call to a membe...', '/vagrant/itsalo...', 8)
#1 [internal function]: ErrorHandler::handleError(1, 'Call to a membe...', '/vagrant/itsalo...', 8, Array)
#2 /vagrant/itsalon/lib/Cake/Core/App.php(931): call_user_func('ErrorHandler::h...', 1, 'Call to a membe...', '/vagrant/itsalo...', 8, Array)
#3 /vagrant/itsalon/lib/Cake/Core/App.php(904): App::_checkFatalError()
#4 [internal function]: App::shutdown()
#5 {main}
2015-03-26 22:10:33 Error: Fatal Error (1): Call to a member function find() on a non-object in [/vagrant/itsalon/app/Controller/HomeController.php, line 8]
2015-03-26 22:10:33 Error: [FatalErrorException] Call to a member function find() on a non-object
Request URL: /itsalon/
Stack Trace:
#0 /vagrant/itsalon/lib/Cake/Error/ErrorHandler.php(213): ErrorHandler::handleFatalError(1, 'Call to a membe...', '/vagrant/itsalo...', 8)
#1 [internal function]: ErrorHandler::handleError(1, 'Call to a membe...', '/vagrant/itsalo...', 8, Array)
#2 /vagrant/itsalon/lib/Cake/Core/App.php(931): call_user_func('ErrorHandler::h...', 1, 'Call to a membe...', '/vagrant/itsalo...', 8, Array)
#3 /vagrant/itsalon/lib/Cake/Core/App.php(904): App::_checkFatalError()
#4 [internal function]: App::shutdown()
#5 {main}
2015-03-26 22:12:39 Error: Fatal Error (1): Call to a member function find() on a non-object in [/vagrant/itsalon/app/Controller/HomeController.php, line 8]
2015-03-26 22:12:39 Error: [FatalErrorException] Call to a member function find() on a non-object
Request URL: /itsalon/
Stack Trace:
#0 /vagrant/itsalon/lib/Cake/Error/ErrorHandler.php(213): ErrorHandler::handleFatalError(1, 'Call to a membe...', '/vagrant/itsalo...', 8)
#1 [internal function]: ErrorHandler::handleError(1, 'Call to a membe...', '/vagrant/itsalo...', 8, Array)
#2 /vagrant/itsalon/lib/Cake/Core/App.php(931): call_user_func('ErrorHandler::h...', 1, 'Call to a membe...', '/vagrant/itsalo...', 8, Array)
#3 /vagrant/itsalon/lib/Cake/Core/App.php(904): App::_checkFatalError()
#4 [internal function]: App::shutdown()
#5 {main}
2015-03-26 22:14:37 Error: Fatal Error (1): Call to a member function find() on a non-object in [/vagrant/itsalon/app/Controller/HomeController.php, line 8]
2015-03-26 22:14:37 Error: [FatalErrorException] Call to a member function find() on a non-object
Request URL: /itsalon/
Stack Trace:
#0 /vagrant/itsalon/lib/Cake/Error/ErrorHandler.php(213): ErrorHandler::handleFatalError(1, 'Call to a membe...', '/vagrant/itsalo...', 8)
#1 [internal function]: ErrorHandler::handleError(1, 'Call to a membe...', '/vagrant/itsalo...', 8, Array)
#2 /vagrant/itsalon/lib/Cake/Core/App.php(931): call_user_func('ErrorHandler::h...', 1, 'Call to a membe...', '/vagrant/itsalo...', 8, Array)
#3 /vagrant/itsalon/lib/Cake/Core/App.php(904): App::_checkFatalError()
#4 [internal function]: App::shutdown()
#5 {main}
2015-03-26 22:14:54 Error: Fatal Error (1): Call to a member function find() on a non-object in [/vagrant/itsalon/app/Controller/HomeController.php, line 8]
2015-03-26 22:14:54 Error: [FatalErrorException] Call to a member function find() on a non-object
Request URL: /itsalon/
Stack Trace:
#0 /vagrant/itsalon/lib/Cake/Error/ErrorHandler.php(213): ErrorHandler::handleFatalError(1, 'Call to a membe...', '/vagrant/itsalo...', 8)
#1 [internal function]: ErrorHandler::handleError(1, 'Call to a membe...', '/vagrant/itsalo...', 8, Array)
#2 /vagrant/itsalon/lib/Cake/Core/App.php(931): call_user_func('ErrorHandler::h...', 1, 'Call to a membe...', '/vagrant/itsalo...', 8, Array)
#3 /vagrant/itsalon/lib/Cake/Core/App.php(904): App::_checkFatalError()
#4 [internal function]: App::shutdown()
#5 {main}
2015-03-26 22:22:31 Error: Fatal Error (1): Call to a member function find() on a non-object in [/vagrant/itsalon/app/Controller/HomeController.php, line 8]
2015-03-26 22:22:31 Error: [FatalErrorException] Call to a member function find() on a non-object
Request URL: /itsalon/
Stack Trace:
#0 /vagrant/itsalon/lib/Cake/Error/ErrorHandler.php(213): ErrorHandler::handleFatalError(1, 'Call to a membe...', '/vagrant/itsalo...', 8)
#1 [internal function]: ErrorHandler::handleError(1, 'Call to a membe...', '/vagrant/itsalo...', 8, Array)
#2 /vagrant/itsalon/lib/Cake/Core/App.php(931): call_user_func('ErrorHandler::h...', 1, 'Call to a membe...', '/vagrant/itsalo...', 8, Array)
#3 /vagrant/itsalon/lib/Cake/Core/App.php(904): App::_checkFatalError()
#4 [internal function]: App::shutdown()
#5 {main}
2015-03-26 22:24:30 Error: Fatal Error (1): Call to a member function find() on a non-object in [/vagrant/itsalon/app/Controller/HomeController.php, line 8]
2015-03-26 22:24:30 Error: [FatalErrorException] Call to a member function find() on a non-object
Request URL: /itsalon/
Stack Trace:
#0 /vagrant/itsalon/lib/Cake/Error/ErrorHandler.php(213): ErrorHandler::handleFatalError(1, 'Call to a membe...', '/vagrant/itsalo...', 8)
#1 [internal function]: ErrorHandler::handleError(1, 'Call to a membe...', '/vagrant/itsalo...', 8, Array)
#2 /vagrant/itsalon/lib/Cake/Core/App.php(931): call_user_func('ErrorHandler::h...', 1, 'Call to a membe...', '/vagrant/itsalo...', 8, Array)
#3 /vagrant/itsalon/lib/Cake/Core/App.php(904): App::_checkFatalError()
#4 [internal function]: App::shutdown()
#5 {main}
2015-03-26 22:24:49 Error: Fatal Error (1): Call to a member function find() on a non-object in [/vagrant/itsalon/app/Controller/HomeController.php, line 8]
2015-03-26 22:24:49 Error: [FatalErrorException] Call to a member function find() on a non-object
Request URL: /itsalon/
Stack Trace:
#0 /vagrant/itsalon/lib/Cake/Error/ErrorHandler.php(213): ErrorHandler::handleFatalError(1, 'Call to a membe...', '/vagrant/itsalo...', 8)
#1 [internal function]: ErrorHandler::handleError(1, 'Call to a membe...', '/vagrant/itsalo...', 8, Array)
#2 /vagrant/itsalon/lib/Cake/Core/App.php(931): call_user_func('ErrorHandler::h...', 1, 'Call to a membe...', '/vagrant/itsalo...', 8, Array)
#3 /vagrant/itsalon/lib/Cake/Core/App.php(904): App::_checkFatalError()
#4 [internal function]: App::shutdown()
#5 {main}
2015-03-26 22:31:37 Error: [MissingViewException] View file "Users/add.ctp" is missing.
Exception Attributes: array (
  'file' => 'Users/add.ctp',
)
Request URL: /itsalon/users/add
Stack Trace:
#0 /vagrant/itsalon/lib/Cake/View/View.php(470): View->_getViewFileName(NULL)
#1 /vagrant/itsalon/lib/Cake/Controller/Controller.php(960): View->render(NULL, NULL)
#2 /vagrant/itsalon/lib/Cake/Routing/Dispatcher.php(200): Controller->render()
#3 /vagrant/itsalon/lib/Cake/Routing/Dispatcher.php(167): Dispatcher->_invoke(Object(UsersController), Object(CakeRequest))
#4 /vagrant/itsalon/app/webroot/index.php(118): Dispatcher->dispatch(Object(CakeRequest), Object(CakeResponse))
#5 {main}
2015-03-26 22:33:27 Error: [MissingViewException] View file "Users/index.ctp" is missing.
Exception Attributes: array (
  'file' => 'Users/index.ctp',
)
Request URL: /itsalon/users
Stack Trace:
#0 /vagrant/itsalon/lib/Cake/View/View.php(470): View->_getViewFileName(NULL)
#1 /vagrant/itsalon/lib/Cake/Controller/Controller.php(960): View->render(NULL, NULL)
#2 /vagrant/itsalon/lib/Cake/Routing/Dispatcher.php(200): Controller->render()
#3 /vagrant/itsalon/lib/Cake/Routing/Dispatcher.php(167): Dispatcher->_invoke(Object(UsersController), Object(CakeRequest))
#4 /vagrant/itsalon/app/webroot/index.php(118): Dispatcher->dispatch(Object(CakeRequest), Object(CakeResponse))
#5 {main}
2015-03-26 23:35:49 Error: Fatal Error (1): Call to a member function find() on a non-object in [/vagrant/itsalon/app/Controller/HomeController.php, line 8]
2015-03-26 23:35:49 Error: [FatalErrorException] Call to a member function find() on a non-object
Request URL: /itsalon/home
Stack Trace:
#0 /vagrant/itsalon/lib/Cake/Error/ErrorHandler.php(213): ErrorHandler::handleFatalError(1, 'Call to a membe...', '/vagrant/itsalo...', 8)
#1 [internal function]: ErrorHandler::handleError(1, 'Call to a membe...', '/vagrant/itsalo...', 8, Array)
#2 /vagrant/itsalon/lib/Cake/Core/App.php(931): call_user_func('ErrorHandler::h...', 1, 'Call to a membe...', '/vagrant/itsalo...', 8, Array)
#3 /vagrant/itsalon/lib/Cake/Core/App.php(904): App::_checkFatalError()
#4 [internal function]: App::shutdown()
#5 {main}
2015-03-26 23:41:10 Error: Fatal Error (1): Call to a member function find() on a non-object in [/vagrant/itsalon/app/Controller/HomeController.php, line 8]
2015-03-26 23:41:10 Error: [FatalErrorException] Call to a member function find() on a non-object
Request URL: /itsalon/home
Stack Trace:
#0 /vagrant/itsalon/lib/Cake/Error/ErrorHandler.php(213): ErrorHandler::handleFatalError(1, 'Call to a membe...', '/vagrant/itsalo...', 8)
#1 [internal function]: ErrorHandler::handleError(1, 'Call to a membe...', '/vagrant/itsalo...', 8, Array)
#2 /vagrant/itsalon/lib/Cake/Core/App.php(931): call_user_func('ErrorHandler::h...', 1, 'Call to a membe...', '/vagrant/itsalo...', 8, Array)
#3 /vagrant/itsalon/lib/Cake/Core/App.php(904): App::_checkFatalError()
#4 [internal function]: App::shutdown()
#5 {main}
2015-03-26 23:41:34 Error: Fatal Error (1): Call to a member function find() on a non-object in [/vagrant/itsalon/app/Controller/HomeController.php, line 8]
2015-03-26 23:41:34 Error: [FatalErrorException] Call to a member function find() on a non-object
Request URL: /itsalon/home
Stack Trace:
#0 /vagrant/itsalon/lib/Cake/Error/ErrorHandler.php(213): ErrorHandler::handleFatalError(1, 'Call to a membe...', '/vagrant/itsalo...', 8)
#1 [internal function]: ErrorHandler::handleError(1, 'Call to a membe...', '/vagrant/itsalo...', 8, Array)
#2 /vagrant/itsalon/lib/Cake/Core/App.php(931): call_user_func('ErrorHandler::h...', 1, 'Call to a membe...', '/vagrant/itsalo...', 8, Array)
#3 /vagrant/itsalon/lib/Cake/Core/App.php(904): App::_checkFatalError()
#4 [internal function]: App::shutdown()
#5 {main}
2015-03-26 23:44:48 Error: Fatal Error (1): Call to a member function find() on a non-object in [/vagrant/itsalon/app/Controller/HomeController.php, line 8]
2015-03-26 23:44:48 Error: [FatalErrorException] Call to a member function find() on a non-object
Request URL: /itsalon/home
Stack Trace:
#0 /vagrant/itsalon/lib/Cake/Error/ErrorHandler.php(213): ErrorHandler::handleFatalError(1, 'Call to a membe...', '/vagrant/itsalo...', 8)
#1 [internal function]: ErrorHandler::handleError(1, 'Call to a membe...', '/vagrant/itsalo...', 8, Array)
#2 /vagrant/itsalon/lib/Cake/Core/App.php(931): call_user_func('ErrorHandler::h...', 1, 'Call to a membe...', '/vagrant/itsalo...', 8, Array)
#3 /vagrant/itsalon/lib/Cake/Core/App.php(904): App::_checkFatalError()
#4 [internal function]: App::shutdown()
#5 {main}
2015-03-26 23:44:56 Error: Fatal Error (1): Call to a member function find() on a non-object in [/vagrant/itsalon/app/Controller/HomeController.php, line 8]
2015-03-26 23:44:56 Error: [FatalErrorException] Call to a member function find() on a non-object
Request URL: /itsalon/home
Stack Trace:
#0 /vagrant/itsalon/lib/Cake/Error/ErrorHandler.php(213): ErrorHandler::handleFatalError(1, 'Call to a membe...', '/vagrant/itsalo...', 8)
#1 [internal function]: ErrorHandler::handleError(1, 'Call to a membe...', '/vagrant/itsalo...', 8, Array)
#2 /vagrant/itsalon/lib/Cake/Core/App.php(931): call_user_func('ErrorHandler::h...', 1, 'Call to a membe...', '/vagrant/itsalo...', 8, Array)
#3 /vagrant/itsalon/lib/Cake/Core/App.php(904): App::_checkFatalError()
#4 [internal function]: App::shutdown()
#5 {main}
2015-03-26 23:45:04 Error: Fatal Error (1): Call to a member function find() on a non-object in [/vagrant/itsalon/app/Controller/HomeController.php, line 8]
2015-03-26 23:45:04 Error: [FatalErrorException] Call to a member function find() on a non-object
Request URL: /itsalon/home
Stack Trace:
#0 /vagrant/itsalon/lib/Cake/Error/ErrorHandler.php(213): ErrorHandler::handleFatalError(1, 'Call to a membe...', '/vagrant/itsalo...', 8)
#1 [internal function]: ErrorHandler::handleError(1, 'Call to a membe...', '/vagrant/itsalo...', 8, Array)
#2 /vagrant/itsalon/lib/Cake/Core/App.php(931): call_user_func('ErrorHandler::h...', 1, 'Call to a membe...', '/vagrant/itsalo...', 8, Array)
#3 /vagrant/itsalon/lib/Cake/Core/App.php(904): App::_checkFatalError()
#4 [internal function]: App::shutdown()
#5 {main}
2015-03-27 00:01:09 Error: [MissingActionException] Action NewsController::view1() could not be found.
Exception Attributes: array (
  'controller' => 'NewsController',
  'action' => 'view1',
)
Request URL: /itsalon/news/view1
Stack Trace:
#0 /vagrant/itsalon/lib/Cake/Routing/Dispatcher.php(193): Controller->invokeAction(Object(CakeRequest))
#1 /vagrant/itsalon/lib/Cake/Routing/Dispatcher.php(167): Dispatcher->_invoke(Object(NewsController), Object(CakeRequest))
#2 /vagrant/itsalon/app/webroot/index.php(118): Dispatcher->dispatch(Object(CakeRequest), Object(CakeResponse))
#3 {main}
2015-03-27 00:01:52 Error: [MissingActionException] Action NewsController::view1() could not be found.
Exception Attributes: array (
  'controller' => 'NewsController',
  'action' => 'view1',
)
Request URL: /itsalon/news/view1
Stack Trace:
#0 /vagrant/itsalon/lib/Cake/Routing/Dispatcher.php(193): Controller->invokeAction(Object(CakeRequest))
#1 /vagrant/itsalon/lib/Cake/Routing/Dispatcher.php(167): Dispatcher->_invoke(Object(NewsController), Object(CakeRequest))
#2 /vagrant/itsalon/app/webroot/index.php(118): Dispatcher->dispatch(Object(CakeRequest), Object(CakeResponse))
#3 {main}
2015-03-27 00:18:47 Error: [MissingControllerException] Controller class CssController could not be found.
Exception Attributes: array (
  'class' => 'CssController',
  'plugin' => NULL,
)
Request URL: /itsalon/css/bootstrap.min.css
Stack Trace:
#0 /vagrant/itsalon/app/webroot/index.php(118): Dispatcher->dispatch(Object(CakeRequest), Object(CakeResponse))
#1 {main}
2015-03-27 00:18:47 Error: [MissingControllerException] Controller class CssController could not be found.
Exception Attributes: array (
  'class' => 'CssController',
  'plugin' => NULL,
)
Request URL: /itsalon/css/bootstrap-responsive.min.css
Stack Trace:
#0 /vagrant/itsalon/app/webroot/index.php(118): Dispatcher->dispatch(Object(CakeRequest), Object(CakeResponse))
#1 {main}
2015-03-27 00:18:47 Error: [MissingControllerException] Controller class JsController could not be found.
Exception Attributes: array (
  'class' => 'JsController',
  'plugin' => NULL,
)
Request URL: /itsalon/js/bootstrap.min.js
Stack Trace:
#0 /vagrant/itsalon/app/webroot/index.php(118): Dispatcher->dispatch(Object(CakeRequest), Object(CakeResponse))
#1 {main}
2015-03-27 00:24:06 Error: [MissingControllerException] Controller class CssController could not be found.
Exception Attributes: array (
  'class' => 'CssController',
  'plugin' => NULL,
)
Request URL: /itsalon/css/bootstrap-responsive.min.css
Stack Trace:
#0 /vagrant/itsalon/app/webroot/index.php(118): Dispatcher->dispatch(Object(CakeRequest), Object(CakeResponse))
#1 {main}
2015-03-27 00:24:06 Error: [MissingControllerException] Controller class JsController could not be found.
Exception Attributes: array (
  'class' => 'JsController',
  'plugin' => NULL,
)
Request URL: /itsalon/js/bootstrap.min.js
Stack Trace:
#0 /vagrant/itsalon/app/webroot/index.php(118): Dispatcher->dispatch(Object(CakeRequest), Object(CakeResponse))
#1 {main}
2015-03-27 00:24:06 Error: [MissingControllerException] Controller class CssController could not be found.
Exception Attributes: array (
  'class' => 'CssController',
  'plugin' => NULL,
)
Request URL: /itsalon/css/bootstrap.min.css
Stack Trace:
#0 /vagrant/itsalon/app/webroot/index.php(118): Dispatcher->dispatch(Object(CakeRequest), Object(CakeResponse))
#1 {main}
2015-03-27 00:24:16 Error: [MissingControllerException] Controller class JsController could not be found.
Exception Attributes: array (
  'class' => 'JsController',
  'plugin' => NULL,
)
Request URL: /itsalon/js/bootstrap.min.js
Stack Trace:
#0 /vagrant/itsalon/app/webroot/index.php(118): Dispatcher->dispatch(Object(CakeRequest), Object(CakeResponse))
#1 {main}
2015-03-27 00:24:16 Error: [MissingControllerException] Controller class CssController could not be found.
Exception Attributes: array (
  'class' => 'CssController',
  'plugin' => NULL,
)
Request URL: /itsalon/css/bootstrap-responsive.min.css
Stack Trace:
#0 /vagrant/itsalon/app/webroot/index.php(118): Dispatcher->dispatch(Object(CakeRequest), Object(CakeResponse))
#1 {main}
2015-03-27 00:24:16 Error: [MissingControllerException] Controller class CssController could not be found.
Exception Attributes: array (
  'class' => 'CssController',
  'plugin' => NULL,
)
Request URL: /itsalon/css/bootstrap.min.css
Stack Trace:
#0 /vagrant/itsalon/app/webroot/index.php(118): Dispatcher->dispatch(Object(CakeRequest), Object(CakeResponse))
#1 {main}
